C51 COMPILER V9.01   UARTMODE1                                                             06/16/2018 02:17:41 PAGE 1   


C51 COMPILER V9.01, COMPILATION OF MODULE UARTMODE1
OBJECT MODULE PLACED IN Uartmode1.OBJ
COMPILER INVOKED BY: C:\Keil\C51\BIN\C51.EXE Uartmode1.c BROWSE DEBUG OBJECTEXTEND

line level    source

   1          #include<regx52.h>
   2           
   3          #include "Uartmode1.h"
   4          
   5          
   6          void UART_WRITE(char c){
   7   1              while(TI == 0); // wait flag co the truyen tiep du lieu
   8   1              TI = 0;                 // reset ti 
   9   1              SBUF = c;                // truyen du lieu tren sbuf
  10   1      }
  11          void UART_INIT(){
  12   1      
  13   1      // sm 0 sm1 , ren thuoc thanh ghi Scon
  14   1              SCON = 0x50;
  15   1      //      SM0 = 0;
  16   1      //      SM1 = 1;         // che do uart mode 1
  17   1      //      REN = 1; //  CHO PHEP NHAN DU LIEU
  18   1              TMOD &= 0x0F;// xoa 4 bit dau
  19   1              TMOD |= 0x20;     // CHE DO HOAT DONG 8 BIT TU DONG NAP LAI
  20   1              if(BAUD == 9600)
  21   1              TH1 = 0xFD;             // THONG sO TAO BAUD 9600
  22   1              else if(BAUD == 1200)
  23   1              TH1 = 0xE6; //  THONG SO TAO 1200 BAUD
  24   1      
  25   1      
  26   1              TR1 = 1;   //TIME1 CHAY TAO TOC DO BAUD
  27   1              TI = 1; // SAN SANG GUI DU LIEU cho lan dau tien chuong trinh chay
  28   1      
  29   1      } 
  30          
  31          void UART_WRITE_STR(char * str){
  32   1              unsigned char i = 0;
  33   1              while(str[i] != 0){
  34   2                      UART_WRITE(str[i]);
  35   2                      i++;
  36   2              }
  37   1      }


MODULE INFORMATION:   STATIC OVERLAYABLE
   CODE SIZE        =     57    ----
   CONSTANT SIZE    =   ----    ----
   XDATA SIZE       =   ----    ----
   PDATA SIZE       =   ----    ----
   DATA SIZE        =   ----       3
   IDATA SIZE       =   ----    ----
   BIT SIZE         =   ----    ----
END OF MODULE INFORMATION.


C51 COMPILATION COMPLETE.  0 WARNING(S),  0 ERROR(S)
